<?xml version="1.0" encoding="UTF-8"?>
<testsuite name="CalculatorTests" tests="3" skipped="0" failures="0" errors="0" timestamp="2021-10-14T13:53:14" hostname="HOME-PC" time="0.018">
  <properties/>
  <testcase name="testLinearEquation()" classname="CalculatorTests" time="0.015"/>
  <testcase name="testQuadraticEquation()" classname="CalculatorTests" time="0.001"/>
  <testcase name="testDiscriminant()" classname="CalculatorTests" time="0.001"/>
  <system-out><![CDATA[]]></system-out>
  <system-err><![CDATA[]]></system-err>
</testsuite>
